/*C3*/SET SCHEMA PUBLIC
CONNECT USER SA
DISCONNECT
/*C4*/SET SCHEMA PUBLIC
CONNECT USER SA
alter table order_detail drop constraint FK23AE5A623B4EB663
alter table product drop constraint FKED8DCCEF21EB2B11
alter table product drop constraint FKED8DCCEF42EF5051
drop table category if exists
drop table customer if exists
drop table order_detail if exists
drop table product if exists
drop table supplier if exists
create table category (id bigint generated by default as identity (start with 1), version bigint not null, picture varchar(255) not null, description varchar(255) not null, name varchar(255) not null, primary key (id))
create table customer (id bigint generated by default as identity (start with 1), version bigint not null, region varchar(255) not null, phone varchar(255) not null, fax varchar(255) not null, contact_email varchar(255) not null, contact_title varchar(255) not null, city varchar(255) not null, country varchar(255) not null, postal_code varchar(255) not null, address varchar(256) not null, contact_name varchar(255) not null, company varchar(255) not null, home_page varchar(255) not null, primary key (id))
create table order_detail (id bigint generated by default as identity (start with 1), version bigint not null, product_id bigint not null, order_id bigint not null, quantity bigint not null, primary key (id))
create table product (id bigint generated by default as identity (start with 1), version bigint not null, units_in_stock bigint not null, picture varchar(255) not null, category_id bigint not null, quantity_per_unit integer not null, description varchar(256) not null, name varchar(255) not null, unit_price float not null, supplier_id bigint not null, primary key (id))
create table supplier (id bigint generated by default as identity (start with 1), version bigint not null, region varchar(255) not null, phone varchar(255) not null, fax varchar(255) not null, contact_email varchar(255) not null, contact_title varchar(255) not null, city varchar(255) not null, country varchar(255) not null, postal_code varchar(255) not null, address varchar(256) not null, contact_name varchar(255) not null, company varchar(255) not null, home_page varchar(255) not null, primary key (id))
alter table order_detail add constraint FK23AE5A623B4EB663 foreign key (product_id) references product
alter table product add constraint FKED8DCCEF21EB2B11 foreign key (category_id) references category
alter table product add constraint FKED8DCCEF42EF5051 foreign key (supplier_id) references supplier
